# JRE version: Java(TM) SE Runtime Environment (8.0_102-b14) (build 1.8.0_102-b14)
# Java VM: Java HotSpot(TM) 64-Bit Server VM (25.102-b14 mixed mode windows-amd64 compressed oops)
Heap:
 PSYoungGen      total 272384K, used 162800K [0x00000000d5580000, 0x00000000ead00000, 0x0000000100000000)
  eden space 225792K, 64% used [0x00000000d5580000,0x00000000de3f0638,0x00000000e3200000)
  from space 46592K, 36% used [0x00000000e3200000,0x00000000e428bdb8,0x00000000e5f80000)
  to   space 44544K, 0% used [0x00000000e8180000,0x00000000e8180000,0x00000000ead00000)
 ParOldGen       total 144384K, used 59318K [0x0000000080000000, 0x0000000088d00000, 0x00000000d5580000)
  object space 144384K, 41% used [0x0000000080000000,0x00000000839ed838,0x0000000088d00000)
 Metaspace       used 82148K, capacity 84760K, committed 87640K, reserved 1126400K
  class space    used 10144K, capacity 10611K, committed 11648K, reserved 1048576K
GC Heap History (10 events):
Event: 10538.968 GC heap before
{Heap before GC invocations=32 (full 5):
 PSYoungGen      total 208384K, used 31754K [0x00000000d5580000, 0x00000000e6880000, 0x0000000100000000)
  eden space 166912K, 0% used [0x00000000d5580000,0x00000000d5580000,0x00000000df880000)
  from space 41472K, 76% used [0x00000000df880000,0x00000000e1782990,0x00000000e2100000)
  to   space 44544K, 0% used [0x00000000e3d00000,0x00000000e3d00000,0x00000000e6880000)
 ParOldGen       total 145920K, used 118753K [0x0000000080000000, 0x0000000088e80000, 0x00000000d5580000)
  object space 145920K, 81% used [0x0000000080000000,0x00000000873f8488,0x0000000088e80000)
 Metaspace       used 87298K, capacity 89848K, committed 91736K, reserved 1130496K
  class space    used 10773K, capacity 11229K, committed 11648K, reserved 1048576K
Event: 10539.318 GC heap after
Heap after GC invocations=32 (full 5):
 PSYoungGen      total 208384K, used 0K [0x00000000d5580000, 0x00000000e6880000, 0x0000000100000000)
  eden space 166912K, 0% used [0x00000000d5580000,0x00000000d5580000,0x00000000df880000)
  from space 41472K, 0% used [0x00000000df880000,0x00000000df880000,0x00000000e2100000)
  to   space 44544K, 0% used [0x00000000e3d00000,0x00000000e3d00000,0x00000000e6880000)
 ParOldGen       total 144384K, used 42331K [0x0000000080000000, 0x0000000088d00000, 0x00000000d5580000)
  object space 144384K, 29% used [0x0000000080000000,0x0000000082956de0,0x0000000088d00000)
 Metaspace       used 67139K, capacity 69448K, committed 87640K, reserved 1126400K
  class space    used 8634K, capacity 9029K, committed 11648K, reserved 1048576K
}
Event: 10551.568 GC heap before
{Heap before GC invocations=33 (full 5):
 PSYoungGen      total 208384K, used 166912K [0x00000000d5580000, 0x00000000e6880000, 0x0000000100000000)
  eden space 166912K, 100% used [0x00000000d5580000,0x00000000df880000,0x00000000df880000)
  from space 41472K, 0% used [0x00000000df880000,0x00000000df880000,0x00000000e2100000)
  to   space 44544K, 0% used [0x00000000e3d00000,0x00000000e3d00000,0x00000000e6880000)
 ParOldGen       total 144384K, used 42331K [0x0000000080000000, 0x0000000088d00000, 0x00000000d5580000)
  object space 144384K, 29% used [0x0000000080000000,0x0000000082956de0,0x0000000088d00000)
 Metaspace       used 67479K, capacity 69900K, committed 87640K, reserved 1126400K
  class space    used 8684K, capacity 9095K, committed 11648K, reserved 1048576K
Event: 10551.593 GC heap after
Heap after GC invocations=33 (full 5):
 PSYoungGen      total 235008K, used 12368K [0x00000000d5580000, 0x00000000e6600000, 0x0000000100000000)
  eden space 193024K, 0% used [0x00000000d5580000,0x00000000d5580000,0x00000000e1200000)
  from space 41984K, 29% used [0x00000000e3d00000,0x00000000e4914030,0x00000000e6600000)
  to   space 43008K, 0% used [0x00000000e1200000,0x00000000e1200000,0x00000000e3c00000)
 ParOldGen       total 144384K, used 42339K [0x0000000080000000, 0x0000000088d00000, 0x00000000d5580000)
  object space 144384K, 29% used [0x0000000080000000,0x0000000082958de0,0x0000000088d00000)
 Metaspace       used 67479K, capacity 69900K, committed 87640K, reserved 1126400K
  class space    used 8684K, capacity 9095K, committed 11648K, reserved 1048576K
}
Event: 10556.862 GC heap before
{Heap before GC invocations=34 (full 5):
 PSYoungGen      total 235008K, used 205392K [0x00000000d5580000, 0x00000000e6600000, 0x0000000100000000)
  eden space 193024K, 100% used [0x00000000d5580000,0x00000000e1200000,0x00000000e1200000)
  from space 41984K, 29% used [0x00000000e3d00000,0x00000000e4914030,0x00000000e6600000)
  to   space 43008K, 0% used [0x00000000e1200000,0x00000000e1200000,0x00000000e3c00000)
 ParOldGen       total 144384K, used 42339K [0x0000000080000000, 0x0000000088d00000, 0x00000000d5580000)
  object space 144384K, 29% used [0x0000000080000000,0x0000000082958de0,0x0000000088d00000)
 Metaspace       used 77846K, capacity 80334K, committed 87640K, reserved 1126400K
  class space    used 9775K, capacity 10226K, committed 11648K, reserved 1048576K
Event: 10556.929 GC heap after
Heap after GC invocations=34 (full 5):
 PSYoungGen      total 236032K, used 41337K [0x00000000d5580000, 0x00000000e9200000, 0x0000000100000000)
  eden space 193024K, 0% used [0x00000000d5580000,0x00000000d5580000,0x00000000e1200000)
  from space 43008K, 96% used [0x00000000e1200000,0x00000000e3a5e6e0,0x00000000e3c00000)
  to   space 49152K, 0% used [0x00000000e6200000,0x00000000e6200000,0x00000000e9200000)
 ParOldGen       total 144384K, used 52924K [0x0000000080000000, 0x0000000088d00000, 0x00000000d5580000)
  object space 144384K, 36% used [0x0000000080000000,0x00000000833af300,0x0000000088d00000)
 Metaspace       used 77846K, capacity 80334K, committed 87640K, reserved 1126400K
  class space    used 9775K, capacity 10226K, committed 11648K, reserved 1048576K
}
Event: 10564.415 GC heap before
{Heap before GC invocations=35 (full 5):
 PSYoungGen      total 236032K, used 234361K [0x00000000d5580000, 0x00000000e9200000, 0x0000000100000000)
  eden space 193024K, 100% used [0x00000000d5580000,0x00000000e1200000,0x00000000e1200000)
  from space 43008K, 96% used [0x00000000e1200000,0x00000000e3a5e6e0,0x00000000e3c00000)
  to   space 49152K, 0% used [0x00000000e6200000,0x00000000e6200000,0x00000000e9200000)
 ParOldGen       total 144384K, used 52924K [0x0000000080000000, 0x0000000088d00000, 0x00000000d5580000)
  object space 144384K, 36% used [0x0000000080000000,0x00000000833af300,0x0000000088d00000)
 Metaspace       used 81004K, capacity 83598K, committed 87640K, reserved 1126400K
  class space    used 10049K, capacity 10508K, committed 11648K, reserved 1048576K
Event: 10564.475 GC heap after
Heap after GC invocations=35 (full 5):
 PSYoungGen      total 269824K, used 19728K [0x00000000d5580000, 0x00000000e8d00000, 0x0000000100000000)
  eden space 225792K, 0% used [0x00000000d5580000,0x00000000d5580000,0x00000000e3200000)
  from space 44032K, 44% used [0x00000000e6200000,0x00000000e7544078,0x00000000e8d00000)
  to   space 46592K, 0% used [0x00000000e3200000,0x00000000e3200000,0x00000000e5f80000)
 ParOldGen       total 144384K, used 54762K [0x0000000080000000, 0x0000000088d00000, 0x00000000d5580000)
  object space 144384K, 37% used [0x0000000080000000,0x000000008357aaa0,0x0000000088d00000)
 Metaspace       used 81004K, capacity 83598K, committed 87640K, reserved 1126400K
  class space    used 10049K, capacity 10508K, committed 11648K, reserved 1048576K
}
Event: 10569.036 GC heap before
{Heap before GC invocations=36 (full 5):
 PSYoungGen      total 269824K, used 245520K [0x00000000d5580000, 0x00000000e8d00000, 0x0000000100000000)
  eden space 225792K, 100% used [0x00000000d5580000,0x00000000e3200000,0x00000000e3200000)
  from space 44032K, 44% used [0x00000000e6200000,0x00000000e7544078,0x00000000e8d00000)
  to   space 46592K, 0% used [0x00000000e3200000,0x00000000e3200000,0x00000000e5f80000)
 ParOldGen       total 144384K, used 54762K [0x0000000080000000, 0x0000000088d00000, 0x00000000d5580000)
  object space 144384K, 37% used [0x0000000080000000,0x000000008357aaa0,0x0000000088d00000)
 Metaspace       used 81753K, capacity 84368K, committed 87640K, reserved 1126400K
  class space    used 10096K, capacity 10573K, committed 11648K, reserved 1048576K
Event: 10569.064 GC heap after
Heap after GC invocations=36 (full 5):
 PSYoungGen      total 272384K, used 16943K [0x00000000d5580000, 0x00000000ead00000, 0x0000000100000000)
  eden space 225792K, 0% used [0x00000000d5580000,0x00000000d5580000,0x00000000e3200000)
  from space 46592K, 36% used [0x00000000e3200000,0x00000000e428bdb8,0x00000000e5f80000)
  to   space 44544K, 0% used [0x00000000e8180000,0x00000000e8180000,0x00000000ead00000)
 ParOldGen       total 144384K, used 59318K [0x0000000080000000, 0x0000000088d00000, 0x00000000d5580000)
  object space 144384K, 41% used [0x0000000080000000,0x00000000839ed838,0x0000000088d00000)
 Metaspace       used 81753K, capacity 84368K, committed 87640K, reserved 1126400K
  class space    used 10096K, capacity 10573K, committed 11648K, reserved 1048576K
}

